{
  "RSpec": {
    "coverage": {
      "/home/action/code/blocipedia/config/environment.rb": [
        null,
        1,
        null,
        null,
        1
      ],
      "/home/action/code/blocipedia/config/application.rb": [
        1,
        null,
        null,
        1,
        1,
        1,
        1,
        1,
        1,
        null,
        null,
        null,
        null,
        1,
        null,
        1,
        1,
        null,
        null,
        null,
        null,
        null,
        null,
        null,
        null,
        null,
        null,
        null,
        null,
        null
      ],
      "/home/action/code/blocipedia/config/boot.rb": [
        null,
        1,
        null,
        1
      ],
      "/home/action/code/blocipedia/config/environments/test.rb": [
        1,
        null,
        null,
        null,
        null,
        null,
        null,
        1,
        null,
        null,
        null,
        null,
        1,
        null,
        null,
        1,
        1,
        null,
        null,
        1,
        1,
        null,
        null,
        1,
        null,
        null,
        1,
        null,
        null,
        null,
        null,
        1,
        null,
        null,
        1,
        null,
        null,
        null,
        null
      ],
      "/home/action/code/blocipedia/config/initializers/assets.rb": [
        null,
        null,
        null,
        1,
        null,
        null,
        null,
        null
      ],
      "/home/action/code/blocipedia/config/initializers/backtrace_silencers.rb": [
        null,
        null,
        null,
        null,
        null,
        null,
        null
      ],
      "/home/action/code/blocipedia/config/initializers/cookies_serializer.rb": [
        null,
        null,
        1
      ],
      "/home/action/code/blocipedia/config/initializers/filter_parameter_logging.rb": [
        null,
        null,
        null,
        1
      ],
      "/home/action/code/blocipedia/config/initializers/inflections.rb": [
        null,
        null,
        null,
        null,
        null,
        null,
        null,
        null,
        null,
        null,
        null,
        null,
        null,
        null,
        null,
        null
      ],
      "/home/action/code/blocipedia/config/initializers/mime_types.rb": [
        null,
        null,
        null,
        null
      ],
      "/home/action/code/blocipedia/config/initializers/session_store.rb": [
        null,
        null,
        1
      ],
      "/home/action/code/blocipedia/config/initializers/setup_mail.rb": [
        1,
        0,
        0,
        null,
        null,
        null,
        null,
        null,
        null,
        null,
        null,
        null
      ],
      "/home/action/code/blocipedia/config/initializers/stripe.rb": [
        null,
        1,
        null,
        null,
        null,
        null,
        null,
        1
      ],
      "/home/action/code/blocipedia/config/initializers/wrap_parameters.rb": [
        null,
        null,
        null,
        null,
        null,
        null,
        1,
        1,
        null,
        null,
        null,
        null,
        null,
        null
      ],
      "/home/action/code/blocipedia/spec/factories/user.rb": [
        1,
        1,
        1,
        1,
        1,
        1,
        1,
        1,
        null,
        null
      ],
      "/home/action/code/blocipedia/config/routes.rb": [
        1,
        1,
        null,
        1,
        1,
        1,
        1,
        1,
        1,
        1,
        1,
        null,
        1,
        1,
        null
      ],
      "/home/action/code/blocipedia/app/helpers/application_helper.rb": [
        1,
        1,
        0,
        0,
        null,
        0,
        null,
        null,
        null
      ],
      "/home/action/code/blocipedia/app/helpers/charges_helper.rb": [
        1,
        null
      ],
      "/home/action/code/blocipedia/app/helpers/sessions_helper.rb": [
        1,
        null
      ],
      "/home/action/code/blocipedia/app/helpers/users_helper.rb": [
        1,
        null
      ],
      "/home/action/code/blocipedia/app/helpers/welcome_helper.rb": [
        1,
        null
      ],
      "/home/action/code/blocipedia/app/helpers/wikis_helper.rb": [
        1,
        null
      ],
      "/home/action/code/blocipedia/app/models/user.rb": [
        1,
        1,
        null,
        1,
        null,
        1,
        1,
        1,
        null,
        1,
        0,
        null,
        null,
        1,
        0,
        null,
        null,
        1,
        2,
        null,
        null,
        1,
        0,
        null,
        null,
        1,
        0,
        null,
        null,
        1,
        0,
        null,
        null,
        1,
        0,
        null,
        null,
        1,
        6,
        null,
        null,
        1,
        1,
        1,
        null,
        null,
        1,
        2,
        2,
        2,
        2,
        null,
        null,
        null,
        1,
        null,
        1,
        16,
        null,
        null
      ],
      "/home/action/code/blocipedia/spec/models/wiki_spec.rb": [
        1,
        null,
        1,
        1,
        1,
        1,
        null,
        1,
        1,
        1,
        1,
        null,
        1,
        null,
        1,
        null,
        null,
        1,
        1,
        1,
        1,
        null,
        1,
        null,
        1,
        null,
        null,
        1,
        1,
        1,
        1,
        1,
        1,
        1,
        null,
        1,
        null,
        1,
        null,
        null,
        null,
        1,
        1,
        1,
        1,
        1,
        1,
        1,
        1,
        null,
        1,
        null,
        4,
        1,
        null,
        null,
        null
      ],
      "/home/action/code/blocipedia/app/models/wiki.rb": [
        1,
        1,
        null,
        1,
        1,
        1,
        null,
        1,
        3,
        2,
        null,
        1,
        null,
        null,
        1,
        2,
        null,
        null,
        1,
        2,
        2,
        3,
        null,
        null,
        null
      ]
    },
    "timestamp": 1429643089
  }
}
